Performing C SOURCE FILE Test CMAKE_HAVE_LIBC_PTHREAD failed with the following output:
Change Dir: /home/wl2020/workspace/cuda_work/cmake-build-debug-blcu/CMakeFiles/CMakeTmp

Run Build Command(s):/usr/bin/make cmTC_f0ef8/fast && /usr/bin/make -f CMakeFiles/cmTC_f0ef8.dir/build.make CMakeFiles/cmTC_f0ef8.dir/build
make[1]: Entering directory '/data/private/wl2020/workspace/cuda_work/cmake-build-debug-blcu/CMakeFiles/CMakeTmp'
Building C object CMakeFiles/cmTC_f0ef8.dir/src.c.o
/usr/bin/cc   -fPIC -DCMAKE_HAVE_LIBC_PTHREAD   -o CMakeFiles/cmTC_f0ef8.dir/src.c.o   -c /home/wl2020/workspace/cuda_work/cmake-build-debug-blcu/CMakeFiles/CMakeTmp/src.c
Linking C executable cmTC_f0ef8
/home/wl2020/workspace/cmake-3.15.0-Linux-x86_64/bin/cmake -E cmake_link_script CMakeFiles/cmTC_f0ef8.dir/link.txt --verbose=1
/usr/bin/cc -fPIC -DCMAKE_HAVE_LIBC_PTHREAD    CMakeFiles/cmTC_f0ef8.dir/src.c.o  -o cmTC_f0ef8 
CMakeFiles/cmTC_f0ef8.dir/src.c.o: In function `main':
src.c:(.text+0x3e): undefined reference to `pthread_create'
src.c:(.text+0x4a): undefined reference to `pthread_detach'
src.c:(.text+0x5b): undefined reference to `pthread_join'
src.c:(.text+0x6f): undefined reference to `pthread_atfork'
collect2: error: ld returned 1 exit status
CMakeFiles/cmTC_f0ef8.dir/build.make:86: recipe for target 'cmTC_f0ef8' failed
make[1]: *** [cmTC_f0ef8] Error 1
make[1]: Leaving directory '/data/private/wl2020/workspace/cuda_work/cmake-build-debug-blcu/CMakeFiles/CMakeTmp'
Makefile:121: recipe for target 'cmTC_f0ef8/fast' failed
make: *** [cmTC_f0ef8/fast] Error 2


Source file was:
#include <pthread.h>

void* test_func(void* data)
{
  return data;
}

int main(void)
{
  pthread_t thread;
  pthread_create(&thread, NULL, test_func, NULL);
  pthread_detach(thread);
  pthread_join(thread, NULL);
  pthread_atfork(NULL, NULL, NULL);
  pthread_exit(NULL);

  return 0;
}

Determining if the function pthread_create exists in the pthreads failed with the following output:
Change Dir: /home/wl2020/workspace/cuda_work/cmake-build-debug-blcu/CMakeFiles/CMakeTmp

Run Build Command(s):/usr/bin/make cmTC_a0b7c/fast && /usr/bin/make -f CMakeFiles/cmTC_a0b7c.dir/build.make CMakeFiles/cmTC_a0b7c.dir/build
make[1]: Entering directory '/data/private/wl2020/workspace/cuda_work/cmake-build-debug-blcu/CMakeFiles/CMakeTmp'
Building C object CMakeFiles/cmTC_a0b7c.dir/CheckFunctionExists.c.o
/usr/bin/cc   -fPIC -DCHECK_FUNCTION_EXISTS=pthread_create   -o CMakeFiles/cmTC_a0b7c.dir/CheckFunctionExists.c.o   -c /home/wl2020/workspace/cmake-3.15.0-Linux-x86_64/share/cmake-3.15/Modules/CheckFunctionExists.c
Linking C executable cmTC_a0b7c
/home/wl2020/workspace/cmake-3.15.0-Linux-x86_64/bin/cmake -E cmake_link_script CMakeFiles/cmTC_a0b7c.dir/link.txt --verbose=1
/usr/bin/cc -fPIC -DCHECK_FUNCTION_EXISTS=pthread_create    CMakeFiles/cmTC_a0b7c.dir/CheckFunctionExists.c.o  -o cmTC_a0b7c -lpthreads 
/usr/bin/ld: cannot find -lpthreads
collect2: error: ld returned 1 exit status
CMakeFiles/cmTC_a0b7c.dir/build.make:86: recipe for target 'cmTC_a0b7c' failed
make[1]: *** [cmTC_a0b7c] Error 1
make[1]: Leaving directory '/data/private/wl2020/workspace/cuda_work/cmake-build-debug-blcu/CMakeFiles/CMakeTmp'
Makefile:121: recipe for target 'cmTC_a0b7c/fast' failed
make: *** [cmTC_a0b7c/fast] Error 2



